<use f='WebKit/Source/JavaScriptCore/yarr/YarrInterpreter.cpp' l='679' u='r' c='_ZN3JSC4Yarr11Interpreter18matchBackReferenceERNS0_8ByteTermEPNS1_18DisjunctionContextE'/>
<use f='WebKit/Source/JavaScriptCore/yarr/YarrInterpreter.cpp' l='680' u='r' c='_ZN3JSC4Yarr11Interpreter18matchBackReferenceERNS0_8ByteTermEPNS1_18DisjunctionContextE'/>
<use f='WebKit/Source/JavaScriptCore/yarr/YarrInterpreter.cpp' l='731' u='r' c='_ZN3JSC4Yarr11Interpreter22backtrackBackReferenceERNS0_8ByteTermEPNS1_18DisjunctionContextE'/>
<use f='WebKit/Source/JavaScriptCore/yarr/YarrInterpreter.cpp' l='732' u='r' c='_ZN3JSC4Yarr11Interpreter22backtrackBackReferenceERNS0_8ByteTermEPNS1_18DisjunctionContextE'/>
<use f='WebKit/Source/JavaScriptCore/yarr/YarrInterpreter.cpp' l='772' u='w' c='_ZN3JSC4Yarr11Interpreter22recordParenthesesMatchERNS0_8ByteTermEPNS1_29ParenthesesDisjunctionContextE'/>
<use f='WebKit/Source/JavaScriptCore/yarr/YarrInterpreter.cpp' l='773' u='w' c='_ZN3JSC4Yarr11Interpreter22recordParenthesesMatchERNS0_8ByteTermEPNS1_29ParenthesesDisjunctionContextE'/>
<use f='WebKit/Source/JavaScriptCore/yarr/YarrInterpreter.cpp' l='780' c='_ZN3JSC4Yarr11Interpreter12resetMatchesERNS0_8ByteTermEPNS1_29ParenthesesDisjunctionContextE'/>
<use f='WebKit/Source/JavaScriptCore/yarr/YarrInterpreter.cpp' l='826' u='w' c='_ZN3JSC4Yarr11Interpreter25matchParenthesesOnceBeginERNS0_8ByteTermEPNS1_18DisjunctionContextE'/>
<use f='WebKit/Source/JavaScriptCore/yarr/YarrInterpreter.cpp' l='839' u='w' c='_ZN3JSC4Yarr11Interpreter23matchParenthesesOnceEndERNS0_8ByteTermEPNS1_18DisjunctionContextE'/>
<use f='WebKit/Source/JavaScriptCore/yarr/YarrInterpreter.cpp' l='858' u='w' c='_ZN3JSC4Yarr11Interpreter29backtrackParenthesesOnceBeginERNS0_8ByteTermEPNS1_18DisjunctionContextE'/>
<use f='WebKit/Source/JavaScriptCore/yarr/YarrInterpreter.cpp' l='859' u='w' c='_ZN3JSC4Yarr11Interpreter29backtrackParenthesesOnceBeginERNS0_8ByteTermEPNS1_18DisjunctionContextE'/>
<use f='WebKit/Source/JavaScriptCore/yarr/YarrInterpreter.cpp' l='903' u='w' c='_ZN3JSC4Yarr11Interpreter27backtrackParenthesesOnceEndERNS0_8ByteTermEPNS1_18DisjunctionContextE'/>
<use f='WebKit/Source/JavaScriptCore/yarr/YarrInterpreter.cpp' l='1040' u='r' c='_ZN3JSC4Yarr11Interpreter16matchParenthesesERNS0_8ByteTermEPNS1_18DisjunctionContextE'/>
<use f='WebKit/Source/JavaScriptCore/yarr/YarrInterpreter.cpp' l='1069' u='r' c='_ZN3JSC4Yarr11Interpreter16matchParenthesesERNS0_8ByteTermEPNS1_18DisjunctionContextE'/>
<use f='WebKit/Source/JavaScriptCore/yarr/YarrInterpreter.cpp' l='1129' u='r' c='_ZN3JSC4Yarr11Interpreter20backtrackParenthesesERNS0_8ByteTermEPNS1_18DisjunctionContextE'/>
<use f='WebKit/Source/JavaScriptCore/yarr/YarrInterpreter.cpp' l='1161' u='r' c='_ZN3JSC4Yarr11Interpreter20backtrackParenthesesERNS0_8ByteTermEPNS1_18DisjunctionContextE'/>
<use f='WebKit/Source/JavaScriptCore/yarr/YarrInterpreter.cpp' l='1206' u='r' c='_ZN3JSC4Yarr11Interpreter20backtrackParenthesesERNS0_8ByteTermEPNS1_18DisjunctionContextE'/>
<use f='WebKit/Source/JavaScriptCore/yarr/YarrInterpreter.cpp' l='1658' u='w' c='_ZN3JSC4Yarr11Interpreter9interpretEv'/>
<use f='WebKit/Source/JavaScriptCore/yarr/YarrInterpreter.cpp' l='1667' u='w' c='_ZN3JSC4Yarr11Interpreter9interpretEv'/>
<use f='WebKit/Source/JavaScriptCore/yarr/YarrInterpreter.cpp' l='1668' u='w' c='_ZN3JSC4Yarr11Interpreter9interpretEv'/>
<use f='WebKit/Source/JavaScriptCore/yarr/YarrInterpreter.cpp' l='1680' u='r' c='_ZN3JSC4Yarr11Interpreter9interpretEv'/>
<use f='WebKit/Source/JavaScriptCore/yarr/YarrInterpreter.cpp' l='1686' u='w' c='_ZN3JSC4Yarr11InterpreterC1EPNS0_15BytecodePatternEPjPKT_jj'/>
<dec f='WebKit/Source/JavaScriptCore/yarr/YarrInterpreter.cpp' l='1698' type='unsigned int *'/>
