<dec f='WebKit/JavaScriptCore/PrivateHeaders/JavaScriptCore/ConsoleTypes.h' l='53' type='0'/>
<dec f='WebKit/Source/JavaScriptCore/runtime/ConsoleTypes.h' l='53' type='0'/>
<use f='WebKit/Source/JavaScriptCore/inspector/ConsoleMessage.cpp' l='204' c='_ZN9InspectorL16messageTypeValueEN3JSC11MessageTypeE'/>
<use f='WebKit/Source/JavaScriptCore/inspector/JSGlobalObjectConsoleClient.cpp' l='224' u='a' c='_ZN9Inspector27JSGlobalObjectConsoleClient17warnUnimplementedERKN3WTF6StringE'/>
<use f='WebKit/Source/JavaScriptCore/inspector/JSGlobalObjectInspectorController.cpp' l='193' u='r' c='_ZN9Inspector33JSGlobalObjectInspectorController18reportAPIExceptionEPN3JSC14JSGlobalObjectEPNS1_9ExceptionE'/>
<use f='WebKit/Source/JavaScriptCore/inspector/JSGlobalObjectInspectorController.cpp' l='195' u='r' c='_ZN9Inspector33JSGlobalObjectInspectorController18reportAPIExceptionEPN3JSC14JSGlobalObjectEPNS1_9ExceptionE'/>
<use f='WebKit/Source/JavaScriptCore/inspector/JSGlobalObjectInspectorController.cpp' l='198' u='a' c='_ZN9Inspector33JSGlobalObjectInspectorController18reportAPIExceptionEPN3JSC14JSGlobalObjectEPNS1_9ExceptionE'/>
<use f='WebKit/Source/JavaScriptCore/inspector/agents/InspectorConsoleAgent.cpp' l='74' u='r' c='_ZN9Inspector21InspectorConsoleAgent6enableEv'/>
<use f='WebKit/Source/JavaScriptCore/inspector/agents/InspectorConsoleAgent.cpp' l='214' u='a' c='_ZN9Inspector21InspectorConsoleAgent5countEPN3JSC14JSGlobalObjectERKN3WTF6StringE'/>
<use f='WebKit/Source/JavaScriptCore/inspector/agents/InspectorConsoleAgent.cpp' l='223' u='a' c='_ZN9Inspector21InspectorConsoleAgent10countResetEPN3JSC14JSGlobalObjectERKN3WTF6StringE'/>
<use f='WebKit/Source/JavaScriptCore/inspector/agents/JSGlobalObjectDebuggerAgent.cpp' l='60' u='a' c='_ZN9Inspector27JSGlobalObjectDebuggerAgent19breakpointActionLogEPN3JSC14JSGlobalObjectERKN3WTF6StringE'/>
<use f='WebKit/Source/JavaScriptCore/runtime/ConsoleClient.cpp' l='117' c='_ZN3JSCL19appendMessagePrefixERN3WTF13StringBuilderENS_13MessageSourceENS_11MessageTypeENS_12MessageLevelE'/>
<use f='WebKit/Source/JavaScriptCore/runtime/ConsoleClient.cpp' l='165' u='r' c='_ZN3JSCL19appendMessagePrefixERN3WTF13StringBuilderENS_13MessageSourceENS_11MessageTypeENS_12MessageLevelE'/>
<use f='WebKit/Source/JavaScriptCore/runtime/ConsoleClient.cpp' l='258' u='r' c='_ZN3JSC13ConsoleClient12logWithLevelEPNS_14JSGlobalObjectEON3WTF3RefIN9Inspector15ScriptArgumentsENS3_12RawPtrTraitsIS6_EEEENS_12MessageLevelE'/>
<use f='WebKit/Source/WebCore/page/PageConsoleClient.cpp' l='167' u='a' c='_ZN7WebCore17PageConsoleClient10addMessageEN3JSC13MessageSourceENS1_12MessageLevelERKN3WTF6StringES7_jjONS4_6RefPtrIN9Inspector15ScriptCallStackENS4_111675542'/>
<use f='WebKit/Source/WebCore/page/PageConsoleClient.cpp' l='169' u='a' c='_ZN7WebCore17PageConsoleClient10addMessageEN3JSC13MessageSourceENS1_12MessageLevelERKN3WTF6StringES7_jjONS4_6RefPtrIN9Inspector15ScriptCallStackENS4_111675542'/>
<use f='WebKit/Source/WebCore/inspector/agents/WebConsoleAgent.cpp' l='72' u='a' c='_ZN7WebCore15WebConsoleAgent18didReceiveResponseEmRKNS_16ResourceResponseE'/>
<use f='WebKit/Source/WebCore/inspector/agents/WebConsoleAgent.cpp' l='83' u='a' c='_ZN7WebCore15WebConsoleAgent14didFailLoadingEmRKNS_13ResourceErrorE'/>
<use f='WebKit/Source/WebCore/inspector/agents/worker/WorkerDebuggerAgent.cpp' l='53' u='a' c='_ZN7WebCore19WorkerDebuggerAgent19breakpointActionLogEPN3JSC14JSGlobalObjectERKN3WTF6StringE'/>
<use f='WebKit/Source/WebCore/html/canvas/WebGLRenderingContextBase.cpp' l='1773' u='a' c='_ZN7WebCore25WebGLRenderingContextBase13compileShaderERNS_11WebGLShaderE'/>
<use f='WebKit/Source/WebCore/html/canvas/WebGLRenderingContextBase.cpp' l='7090' u='a' c='_ZN7WebCore25WebGLRenderingContextBase14printToConsoleEN3JSC12MessageLevelERKN3WTF6StringE'/>
<use f='WebKit/Source/WebCore/html/canvas/WebGLRenderingContextBase.cpp' l='7092' u='a' c='_ZN7WebCore25WebGLRenderingContextBase14printToConsoleEN3JSC12MessageLevelERKN3WTF6StringE'/>
<use f='WebKit/Source/WebCore/dom/ScriptExecutionContext.cpp' l='441' u='a' c='_ZN7WebCore22ScriptExecutionContext31reportUnhandledPromiseRejectionERN3JSC14JSGlobalObjectERNS1_9JSPromiseEON3WTF6RefPtrIN9Inspector15ScriptCallStack5682128'/>
<use f='WebKit/Source/WebCore/dom/ScriptExecutionContext.cpp' l='443' u='a' c='_ZN7WebCore22ScriptExecutionContext31reportUnhandledPromiseRejectionERN3JSC14JSGlobalObjectERNS1_9JSPromiseEON3WTF6RefPtrIN9Inspector15ScriptCallStack5682128'/>
<use f='WebKit/Source/WebCore/dom/Document.cpp' l='8554' u='a' c='_ZN7WebCore8Document13didLogMessageERK13WTFLogChannel11WTFLogLevelON3WTF6VectorINS5_12JSONLogValueELm0ENS5_15CrashOnOverflowELm16ENS5_10FastMallocEEE'/>
<use f='WebKit/Source/WebCore/workers/WorkerGlobalScope.cpp' l='386' u='a' c='_ZN7WebCore17WorkerGlobalScope10addMessageEN3JSC13MessageSourceENS1_12MessageLevelERKN3WTF6StringES7_jjONS4_6RefPtrIN9Inspector15ScriptCallStackENS4_115882475'/>
<use f='WebKit/Source/WebCore/workers/WorkerGlobalScope.cpp' l='388' u='a' c='_ZN7WebCore17WorkerGlobalScope10addMessageEN3JSC13MessageSourceENS1_12MessageLevelERKN3WTF6StringES7_jjONS4_6RefPtrIN9Inspector15ScriptCallStackENS4_115882475'/>
