<use f='WebKit/Source/JavaScriptCore/ftl/FTLAbstractHeap.h' l='136' c='_ZN3JSC3FTL19IndexedAbstractHeap9baseIndexERNS0_6OutputEPNS_2B35ValueES6_NS_7JSValueElS6_'/>
<inh f='WebKit/Source/JavaScriptCore/ftl/FTLCommonValues.h' l='42' c='JSC::FTL::CommonValues'/>
<def f='WebKit/Source/JavaScriptCore/ftl/FTLOutput.h' l='72' ll='470'/>
<use f='WebKit/Source/JavaScriptCore/ftl/FTLAbstractHeap.cpp' l='141' c='_ZN3JSC3FTL19IndexedAbstractHeap9baseIndexERNS0_6OutputEPNS_2B35ValueES6_NS_7JSValueElS6_'/>
<size>232</size>
<fun r='_ZN3JSC3FTL6OutputC1ERNS0_5StateE'/>
<fun r='_ZN3JSC3FTL6OutputD1Ev'/>
<fun r='_ZN3JSC3FTL6Output10initializeERNS0_22AbstractHeapRepositoryE'/>
<fun r='_ZN3JSC3FTL6Output12setFrequencyEd'/>
<fun r='_ZN3JSC3FTL6Output8newBlockEv'/>
<fun r='_ZN3JSC3FTL6Output21insertNewBlocksBeforeEPNS_2B310BasicBlockE'/>
<fun r='_ZN3JSC3FTL6Output15applyBlockOrderEv'/>
<fun r='_ZN3JSC3FTL6Output8appendToEPNS_2B310BasicBlockES4_'/>
<fun r='_ZN3JSC3FTL6Output8appendToEPNS_2B310BasicBlockE'/>
<fun r='_ZN3JSC3FTL6Output9setOriginEPNS_3DFG4NodeE'/>
<fun r='_ZN3JSC3FTL6Output6originEv'/>
<fun r='_ZN3JSC3FTL6Output12framePointerEv'/>
<fun r='_ZN3JSC3FTL6Output15lockedStackSlotEm'/>
<fun r='_ZN3JSC3FTL6Output9constBoolEb'/>
<fun r='_ZN3JSC3FTL6Output10constInt32Ei'/>
<fun r='_ZN3JSC3FTL6Output28alreadyRegisteredWeakPointerERNS_3DFG5GraphEPNS_6JSCellE'/>
<fun r='_ZN3JSC3FTL6Output30alreadyRegisteredFrozenPointerEPNS_3DFG11FrozenValueE'/>
<fun r='_ZN3JSC3FTL6Output11constIntPtrEPT_'/>
<fun r='_ZN3JSC3FTL6Output11constIntPtrET_'/>
<fun r='_ZN3JSC3FTL6Output10constInt64El'/>
<fun r='_ZN3JSC3FTL6Output11constDoubleEd'/>
<fun r='_ZN3JSC3FTL6Output3phiENS_2B34TypeE'/>
<fun r='_ZN3JSC3FTL6Output3phiENS_2B34TypeENS0_14ValueFromBlockEDpT_'/>
<fun r='_ZN3JSC3FTL6Output3phiENS_2B34TypeERKT_'/>
<fun r='_ZN3JSC3FTL6Output16addIncomingToPhiEPNS_2B35ValueENS0_14ValueFromBlockE'/>
<fun r='_ZN3JSC3FTL6Output16addIncomingToPhiEPNS_2B35ValueENS0_14ValueFromBlockEDpT_'/>
<fun r='_ZN3JSC3FTL6Output6opaqueEPNS_2B35ValueE'/>
<fun r='_ZN3JSC3FTL6Output3addEPNS_2B35ValueES4_'/>
<fun r='_ZN3JSC3FTL6Output3subEPNS_2B35ValueES4_'/>
<fun r='_ZN3JSC3FTL6Output3mulEPNS_2B35ValueES4_'/>
<fun r='_ZN3JSC3FTL6Output3divEPNS_2B35ValueES4_'/>
<fun r='_ZN3JSC3FTL6Output8chillDivEPNS_2B35ValueES4_'/>
<fun r='_ZN3JSC3FTL6Output3modEPNS_2B35ValueES4_'/>
<fun r='_ZN3JSC3FTL6Output8chillModEPNS_2B35ValueES4_'/>
<fun r='_ZN3JSC3FTL6Output3negEPNS_2B35ValueE'/>
<fun r='_ZN3JSC3FTL6Output9doubleAddEPNS_2B35ValueES4_'/>
<fun r='_ZN3JSC3FTL6Output9doubleSubEPNS_2B35ValueES4_'/>
<fun r='_ZN3JSC3FTL6Output9doubleMulEPNS_2B35ValueES4_'/>
<fun r='_ZN3JSC3FTL6Output9doubleDivEPNS_2B35ValueES4_'/>
<fun r='_ZN3JSC3FTL6Output9doubleModEPNS_2B35ValueES4_'/>
<fun r='_ZN3JSC3FTL6Output9doubleNegEPNS_2B35ValueE'/>
<fun r='_ZN3JSC3FTL6Output6bitAndEPNS_2B35ValueES4_'/>
<fun r='_ZN3JSC3FTL6Output5bitOrEPNS_2B35ValueES4_'/>
<fun r='_ZN3JSC3FTL6Output6bitXorEPNS_2B35ValueES4_'/>
<fun r='_ZN3JSC3FTL6Output3shlEPNS_2B35ValueES4_'/>
<fun r='_ZN3JSC3FTL6Output4aShrEPNS_2B35ValueES4_'/>
<fun r='_ZN3JSC3FTL6Output4lShrEPNS_2B35ValueES4_'/>
<fun r='_ZN3JSC3FTL6Output6bitNotEPNS_2B35ValueE'/>
<fun r='_ZN3JSC3FTL6Output10logicalNotEPNS_2B35ValueE'/>
<fun r='_ZN3JSC3FTL6Output6ctlz32EPNS_2B35ValueE'/>
<fun r='_ZN3JSC3FTL6Output9doubleAbsEPNS_2B35ValueE'/>
<fun r='_ZN3JSC3FTL6Output10doubleCeilEPNS_2B35ValueE'/>
<fun r='_ZN3JSC3FTL6Output11doubleFloorEPNS_2B35ValueE'/>
<fun r='_ZN3JSC3FTL6Output11doubleTruncEPNS_2B35ValueE'/>
<fun r='_ZN3JSC3FTL6Output11doubleUnaryENS_3DFG5Arith9UnaryTypeEPNS_2B35ValueE'/>
<fun r='_ZN3JSC3FTL6Output12doubleStdPowEPNS_2B35ValueES4_'/>
<fun r='_ZN3JSC3FTL6Output10doublePowiEPNS_2B35ValueES4_'/>
<fun r='_ZN3JSC3FTL6Output10doubleSqrtEPNS_2B35ValueE'/>
<fun r='_ZN3JSC3FTL6Output9doubleLogEPNS_2B35ValueE'/>
<fun r='_ZN3JSC3FTL6Output11doubleToIntEPNS_2B35ValueE'/>
<fun r='_ZN3JSC3FTL6Output13doubleToInt64EPNS_2B35ValueE'/>
<fun r='_ZN3JSC3FTL6Output12doubleToUIntEPNS_2B35ValueE'/>
<fun r='_ZN3JSC3FTL6Output13signExt32To64EPNS_2B35ValueE'/>
<fun r='_ZN3JSC3FTL6Output14signExt32ToPtrEPNS_2B35ValueE'/>
<fun r='_ZN3JSC3FTL6Output7zeroExtEPNS_2B35ValueENS2_4TypeE'/>
<fun r='_ZN3JSC3FTL6Output10zeroExtPtrEPNS_2B35ValueE'/>
<fun r='_ZN3JSC3FTL6Output11intToDoubleEPNS_2B35ValueE'/>
<fun r='_ZN3JSC3FTL6Output16unsignedToDoubleEPNS_2B35ValueE'/>
<fun r='_ZN3JSC3FTL6Output11castToInt32EPNS_2B35ValueE'/>
<fun r='_ZN3JSC3FTL6Output13doubleToFloatEPNS_2B35ValueE'/>
<fun r='_ZN3JSC3FTL6Output13floatToDoubleEPNS_2B35ValueE'/>
<fun r='_ZN3JSC3FTL6Output7bitCastEPNS_2B35ValueENS2_4TypeE'/>
<fun r='_ZN3JSC3FTL6Output6froundEPNS_2B35ValueE'/>
<fun r='_ZN3JSC3FTL6Output4loadENS0_12TypedPointerENS_2B34TypeE'/>
<fun r='_ZN3JSC3FTL6Output5storeEPNS_2B35ValueENS0_12TypedPointerE'/>
<fun r='_ZN3JSC3FTL6Output5fenceEPKNS0_12AbstractHeapES4_'/>
<fun r='_ZN3JSC3FTL6Output14load8SignExt32ENS0_12TypedPointerE'/>
<fun r='_ZN3JSC3FTL6Output14load8ZeroExt32ENS0_12TypedPointerE'/>
<fun r='_ZN3JSC3FTL6Output15load16SignExt32ENS0_12TypedPointerE'/>
<fun r='_ZN3JSC3FTL6Output15load16ZeroExt32ENS0_12TypedPointerE'/>
<fun r='_ZN3JSC3FTL6Output6load32ENS0_12TypedPointerE'/>
<fun r='_ZN3JSC3FTL6Output6load64ENS0_12TypedPointerE'/>
<fun r='_ZN3JSC3FTL6Output7loadPtrENS0_12TypedPointerE'/>
<fun r='_ZN3JSC3FTL6Output9loadFloatENS0_12TypedPointerE'/>
<fun r='_ZN3JSC3FTL6Output10loadDoubleENS0_12TypedPointerE'/>
<fun r='_ZN3JSC3FTL6Output10store32As8EPNS_2B35ValueENS0_12TypedPointerE'/>
<fun r='_ZN3JSC3FTL6Output11store32As16EPNS_2B35ValueENS0_12TypedPointerE'/>
<fun r='_ZN3JSC3FTL6Output7store32EPNS_2B35ValueENS0_12TypedPointerE'/>
<fun r='_ZN3JSC3FTL6Output7store64EPNS_2B35ValueENS0_12TypedPointerE'/>
<fun r='_ZN3JSC3FTL6Output8storePtrEPNS_2B35ValueENS0_12TypedPointerE'/>
<fun r='_ZN3JSC3FTL6Output10storeFloatEPNS_2B35ValueENS0_12TypedPointerE'/>
<fun r='_ZN3JSC3FTL6Output11storeDoubleEPNS_2B35ValueENS0_12TypedPointerE'/>
<fun r='_ZN3JSC3FTL6Output4loadENS0_12TypedPointerENS1_8LoadTypeE'/>
<fun r='_ZN3JSC3FTL6Output5storeEPNS_2B35ValueENS0_12TypedPointerENS1_9StoreTypeE'/>
<fun r='_ZN3JSC3FTL6Output6addPtrEPNS_2B35ValueEl'/>
<fun r='_ZN3JSC3FTL6Output7addressERKNS0_12AbstractHeapEPNS_2B35ValueEl'/>
<fun r='_ZN3JSC3FTL6Output7addressEPNS_2B35ValueERKNS0_12AbstractHeapEl'/>
<fun r='_ZN3JSC3FTL6Output9baseIndexEPNS_2B35ValueES4_NS0_5ScaleEl'/>
<fun r='_ZN3JSC3FTL6Output9baseIndexERKNS0_12AbstractHeapEPNS_2B35ValueES7_NS0_5ScaleEl'/>
<fun r='_ZN3JSC3FTL6Output9baseIndexERNS0_19IndexedAbstractHeapEPNS_2B35ValueES6_NS_7JSValueElS6_'/>
<fun r='_ZN3JSC3FTL6Output8absoluteEPKv'/>
<fun r='_ZN3JSC3FTL6Output14load8SignExt32EPNS_2B35ValueERKNS0_12AbstractHeapE'/>
<fun r='_ZN3JSC3FTL6Output14load8ZeroExt32EPNS_2B35ValueERKNS0_12AbstractHeapE'/>
<fun r='_ZN3JSC3FTL6Output15load16SignExt32EPNS_2B35ValueERKNS0_12AbstractHeapE'/>
<fun r='_ZN3JSC3FTL6Output15load16ZeroExt32EPNS_2B35ValueERKNS0_12AbstractHeapE'/>
<fun r='_ZN3JSC3FTL6Output6load32EPNS_2B35ValueERKNS0_12AbstractHeapE'/>
<fun r='_ZN3JSC3FTL6Output6load64EPNS_2B35ValueERKNS0_12AbstractHeapE'/>
<fun r='_ZN3JSC3FTL6Output7loadPtrEPNS_2B35ValueERKNS0_12AbstractHeapE'/>
<fun r='_ZN3JSC3FTL6Output10loadDoubleEPNS_2B35ValueERKNS0_12AbstractHeapE'/>
<fun r='_ZN3JSC3FTL6Output10store32As8EPNS_2B35ValueES4_RKNS0_12AbstractHeapE'/>
<fun r='_ZN3JSC3FTL6Output11store32As16EPNS_2B35ValueES4_RKNS0_12AbstractHeapE'/>
<fun r='_ZN3JSC3FTL6Output7store32EPNS_2B35ValueES4_RKNS0_12AbstractHeapE'/>
<fun r='_ZN3JSC3FTL6Output7store64EPNS_2B35ValueES4_RKNS0_12AbstractHeapE'/>
<fun r='_ZN3JSC3FTL6Output8storePtrEPNS_2B35ValueES4_RKNS0_12AbstractHeapE'/>
<fun r='_ZN3JSC3FTL6Output11storeDoubleEPNS_2B35ValueES4_RKNS0_12AbstractHeapE'/>
<fun r='_ZN3JSC3FTL6Output12ascribeRangeEPNS_2B35ValueERKNS0_10ValueRangeE'/>
<fun r='_ZN3JSC3FTL6Output13nonNegative32EPNS_2B35ValueE'/>
<fun r='_ZN3JSC3FTL6Output17load32NonNegativeENS0_12TypedPointerE'/>
<fun r='_ZN3JSC3FTL6Output17load32NonNegativeEPNS_2B35ValueERKNS0_12AbstractHeapE'/>
<fun r='_ZN3JSC3FTL6Output5equalEPNS_2B35ValueES4_'/>
<fun r='_ZN3JSC3FTL6Output8notEqualEPNS_2B35ValueES4_'/>
<fun r='_ZN3JSC3FTL6Output5aboveEPNS_2B35ValueES4_'/>
<fun r='_ZN3JSC3FTL6Output12aboveOrEqualEPNS_2B35ValueES4_'/>
<fun r='_ZN3JSC3FTL6Output5belowEPNS_2B35ValueES4_'/>
<fun r='_ZN3JSC3FTL6Output12belowOrEqualEPNS_2B35ValueES4_'/>
<fun r='_ZN3JSC3FTL6Output11greaterThanEPNS_2B35ValueES4_'/>
<fun r='_ZN3JSC3FTL6Output18greaterThanOrEqualEPNS_2B35ValueES4_'/>
<fun r='_ZN3JSC3FTL6Output8lessThanEPNS_2B35ValueES4_'/>
<fun r='_ZN3JSC3FTL6Output15lessThanOrEqualEPNS_2B35ValueES4_'/>
<fun r='_ZN3JSC3FTL6Output11doubleEqualEPNS_2B35ValueES4_'/>
<fun r='_ZN3JSC3FTL6Output22doubleEqualOrUnorderedEPNS_2B35ValueES4_'/>
<fun r='_ZN3JSC3FTL6Output25doubleNotEqualOrUnorderedEPNS_2B35ValueES4_'/>
<fun r='_ZN3JSC3FTL6Output14doubleLessThanEPNS_2B35ValueES4_'/>
<fun r='_ZN3JSC3FTL6Output21doubleLessThanOrEqualEPNS_2B35ValueES4_'/>
<fun r='_ZN3JSC3FTL6Output17doubleGreaterThanEPNS_2B35ValueES4_'/>
<fun r='_ZN3JSC3FTL6Output24doubleGreaterThanOrEqualEPNS_2B35ValueES4_'/>
<fun r='_ZN3JSC3FTL6Output24doubleNotEqualAndOrderedEPNS_2B35ValueES4_'/>
<fun r='_ZN3JSC3FTL6Output25doubleLessThanOrUnorderedEPNS_2B35ValueES4_'/>
<fun r='_ZN3JSC3FTL6Output32doubleLessThanOrEqualOrUnorderedEPNS_2B35ValueES4_'/>
<fun r='_ZN3JSC3FTL6Output28doubleGreaterThanOrUnorderedEPNS_2B35ValueES4_'/>
<fun r='_ZN3JSC3FTL6Output35doubleGreaterThanOrEqualOrUnorderedEPNS_2B35ValueES4_'/>
<fun r='_ZN3JSC3FTL6Output8isZero32EPNS_2B35ValueE'/>
<fun r='_ZN3JSC3FTL6Output9notZero32EPNS_2B35ValueE'/>
<fun r='_ZN3JSC3FTL6Output8isZero64EPNS_2B35ValueE'/>
<fun r='_ZN3JSC3FTL6Output9notZero64EPNS_2B35ValueE'/>
<fun r='_ZN3JSC3FTL6Output6isNullEPNS_2B35ValueE'/>
<fun r='_ZN3JSC3FTL6Output7notNullEPNS_2B35ValueE'/>
<fun r='_ZN3JSC3FTL6Output12testIsZero32EPNS_2B35ValueES4_'/>
<fun r='_ZN3JSC3FTL6Output13testNonZero32EPNS_2B35ValueES4_'/>
<fun r='_ZN3JSC3FTL6Output12testIsZero64EPNS_2B35ValueES4_'/>
<fun r='_ZN3JSC3FTL6Output13testNonZero64EPNS_2B35ValueES4_'/>
<fun r='_ZN3JSC3FTL6Output13testIsZeroPtrEPNS_2B35ValueES4_'/>
<fun r='_ZN3JSC3FTL6Output14testNonZeroPtrEPNS_2B35ValueES4_'/>
<fun r='_ZN3JSC3FTL6Output6selectEPNS_2B35ValueES4_S4_NS0_20SelectPredictabilityE'/>
<fun r='_ZN3JSC3FTL6Output13atomicXchgAddEPNS_2B35ValueENS0_12TypedPointerENS2_5WidthE'/>
<fun r='_ZN3JSC3FTL6Output13atomicXchgAndEPNS_2B35ValueENS0_12TypedPointerENS2_5WidthE'/>
<fun r='_ZN3JSC3FTL6Output12atomicXchgOrEPNS_2B35ValueENS0_12TypedPointerENS2_5WidthE'/>
<fun r='_ZN3JSC3FTL6Output13atomicXchgSubEPNS_2B35ValueENS0_12TypedPointerENS2_5WidthE'/>
<fun r='_ZN3JSC3FTL6Output13atomicXchgXorEPNS_2B35ValueENS0_12TypedPointerENS2_5WidthE'/>
<fun r='_ZN3JSC3FTL6Output10atomicXchgEPNS_2B35ValueENS0_12TypedPointerENS2_5WidthE'/>
<fun r='_ZN3JSC3FTL6Output15atomicStrongCASEPNS_2B35ValueES4_NS0_12TypedPointerENS2_5WidthE'/>
<fun r='_ZN3JSC3FTL6Output4callENS_2B34TypeEPNS2_5ValueERKT_'/>
<fun r='_ZN3JSC3FTL6Output4callENS_2B34TypeEPNS2_5ValueE'/>
<fun r='_ZN3JSC3FTL6Output4callENS_2B34TypeEPNS2_5ValueES5_'/>
<fun r='_ZN3JSC3FTL6Output4callENS_2B34TypeEPNS2_5ValueES5_DpT_'/>
<fun r='_ZN3JSC3FTL6Output22callWithoutSideEffectsENS_2B34TypeET_PNS2_5ValueEDpT0_'/>
<fun r='_ZN3JSC3FTL6Output9operationET_'/>
<fun r='_ZN3JSC3FTL6Output9operationENS_11FunctionPtrILN3WTF6PtrTagE64323EEE'/>
<fun r='_ZN3JSC3FTL6Output4jumpEPNS_2B310BasicBlockE'/>
<fun r='_ZN3JSC3FTL6Output6branchEPNS_2B35ValueEPNS2_10BasicBlockENS0_6WeightES6_S7_'/>
<fun r='_ZN3JSC3FTL6Output6branchEPNS_2B35ValueENS0_14WeightedTargetES5_'/>
<fun r='_ZN3JSC3FTL6Output5checkEPNS_2B35ValueENS0_14WeightedTargetENS0_6WeightE'/>
<fun r='_ZN3JSC3FTL6Output5checkEPNS_2B35ValueENS0_14WeightedTargetE'/>
<fun r='_ZN3JSC3FTL6Output17switchInstructionEPNS_2B35ValueERKT_PNS2_10BasicBlockENS0_6WeightE'/>
<fun r='_ZN3JSC3FTL6Output11entrySwitchERKN3WTF6VectorIPNS_2B310BasicBlockELm0ENS2_15CrashOnOverflowELm16ENS2_10FastMallocEEE'/>
<fun r='_ZN3JSC3FTL6Output3retEPNS_2B35ValueE'/>
<fun r='_ZN3JSC3FTL6Output11unreachableEv'/>
<fun r='_ZN3JSC3FTL6Output15appendSuccessorENS0_14WeightedTargetE'/>
<fun r='_ZN3JSC3FTL6Output9speculateEPNS_2B35ValueE'/>
<fun r='_ZN3JSC3FTL6Output12speculateAddEPNS_2B35ValueES4_'/>
<fun r='_ZN3JSC3FTL6Output12speculateSubEPNS_2B35ValueES4_'/>
<fun r='_ZN3JSC3FTL6Output12speculateMulEPNS_2B35ValueES4_'/>
<fun r='_ZN3JSC3FTL6Output10patchpointENS_2B34TypeE'/>
<fun r='_ZN3JSC3FTL6Output4trapEv'/>
<fun r='_ZN3JSC3FTL6Output6anchorEPNS_2B35ValueE'/>
<fun r='_ZN3JSC3FTL6Output26incrementSuperSamplerCountEv'/>
<fun r='_ZN3JSC3FTL6Output26decrementSuperSamplerCountEv'/>
<mbr r='JSC::FTL::Output::m_proc' o='960' t='B3::Procedure &amp;'/>
<mbr r='JSC::FTL::Output::m_origin' o='1024' t='DFG::Node *'/>
<mbr r='JSC::FTL::Output::m_block' o='1088' t='JSC::FTL::LBasicBlock'/>
<mbr r='JSC::FTL::Output::m_nextBlock' o='1152' t='JSC::FTL::LBasicBlock'/>
<mbr r='JSC::FTL::Output::m_heaps' o='1216' t='JSC::FTL::AbstractHeapRepository *'/>
<mbr r='JSC::FTL::Output::m_frequency' o='1280' t='double'/>
<mbr r='JSC::FTL::Output::m_blockOrder' o='1344' t='OrderMaker&lt;JSC::FTL::LBasicBlock&gt;'/>
<fun r='_ZN3JSC3FTL6Output3phiENS_2B34TypeENS0_14ValueFromBlockEDpT_'/>
<fun r='_ZN3JSC3FTL6Output3phiENS_2B34TypeERKT_'/>
<fun r='_ZN3JSC3FTL6Output16addIncomingToPhiEPNS_2B35ValueENS0_14ValueFromBlockEDpT_'/>
<use f='WebKit/Source/JavaScriptCore/ftl/FTLLowerDFGToB3.cpp' l='20307'/>
<size>232</size>
