<dec f='WebKit/Source/JavaScriptCore/yarr/YarrJIT.cpp' l='110' type='const JSC::AbstractMacroAssembler&lt;JSC::X86Assembler&gt;::RegisterID'/>
<use f='WebKit/Source/JavaScriptCore/yarr/YarrJIT.cpp' l='277' u='r' c='_ZN3JSC4Yarr13YarrGenerator16saveParenContextENS_12X86Registers10RegisterIDES3_jjj'/>
<use f='WebKit/Source/JavaScriptCore/yarr/YarrJIT.cpp' l='300' u='r' c='_ZN3JSC4Yarr13YarrGenerator19restoreParenContextENS_12X86Registers10RegisterIDES3_jjj'/>
<use f='WebKit/Source/JavaScriptCore/yarr/YarrJIT.cpp' l='691' u='r' c='_ZN3JSC4Yarr13YarrGenerator18setSubpatternStartENS_12X86Registers10RegisterIDEj'/>
<use f='WebKit/Source/JavaScriptCore/yarr/YarrJIT.cpp' l='697' u='r' c='_ZN3JSC4Yarr13YarrGenerator16setSubpatternEndENS_12X86Registers10RegisterIDEj'/>
<use f='WebKit/Source/JavaScriptCore/yarr/YarrJIT.cpp' l='703' u='r' c='_ZN3JSC4Yarr13YarrGenerator20clearSubpatternStartEj'/>
<use f='WebKit/Source/JavaScriptCore/yarr/YarrJIT.cpp' l='725' u='r' c='_ZN3JSC4Yarr13YarrGenerator13setMatchStartENS_12X86Registers10RegisterIDE'/>
<use f='WebKit/Source/JavaScriptCore/yarr/YarrJIT.cpp' l='727' u='r' c='_ZN3JSC4Yarr13YarrGenerator13setMatchStartENS_12X86Registers10RegisterIDE'/>
<use f='WebKit/Source/JavaScriptCore/yarr/YarrJIT.cpp' l='733' u='r' c='_ZN3JSC4Yarr13YarrGenerator13getMatchStartENS_12X86Registers10RegisterIDE'/>
<use f='WebKit/Source/JavaScriptCore/yarr/YarrJIT.cpp' l='735' u='r' c='_ZN3JSC4Yarr13YarrGenerator13getMatchStartENS_12X86Registers10RegisterIDE'/>
<use f='WebKit/Source/JavaScriptCore/yarr/YarrJIT.cpp' l='1142' u='r' c='_ZN3JSC4Yarr13YarrGenerator18matchBackreferenceEmRNS_22AbstractMacroAssemblerINS_12X86AssemblerEE8JumpListENS_12X86Registers10RegisterIDES8_S8_'/>
<use f='WebKit/Source/JavaScriptCore/yarr/YarrJIT.cpp' l='1169' u='r' c='_ZN3JSC4Yarr13YarrGenerator21generateBackReferenceEm'/>
<use f='WebKit/Source/JavaScriptCore/yarr/YarrJIT.cpp' l='1170' u='r' c='_ZN3JSC4Yarr13YarrGenerator21generateBackReferenceEm'/>
<use f='WebKit/Source/JavaScriptCore/yarr/YarrJIT.cpp' l='1201' u='r' c='_ZN3JSC4Yarr13YarrGenerator21generateBackReferenceEm'/>
<use f='WebKit/Source/JavaScriptCore/yarr/YarrJIT.cpp' l='1202' u='r' c='_ZN3JSC4Yarr13YarrGenerator21generateBackReferenceEm'/>
<use f='WebKit/Source/JavaScriptCore/yarr/YarrJIT.cpp' l='1225' u='r' c='_ZN3JSC4Yarr13YarrGenerator21generateBackReferenceEm'/>
<use f='WebKit/Source/JavaScriptCore/yarr/YarrJIT.cpp' l='1226' u='r' c='_ZN3JSC4Yarr13YarrGenerator21generateBackReferenceEm'/>
<use f='WebKit/Source/JavaScriptCore/yarr/YarrJIT.cpp' l='1247' u='r' c='_ZN3JSC4Yarr13YarrGenerator21generateBackReferenceEm'/>
<use f='WebKit/Source/JavaScriptCore/yarr/YarrJIT.cpp' l='1248' u='r' c='_ZN3JSC4Yarr13YarrGenerator21generateBackReferenceEm'/>
<use f='WebKit/Source/JavaScriptCore/yarr/YarrJIT.cpp' l='1302' u='r' c='_ZN3JSC4Yarr13YarrGenerator22backtrackBackReferenceEm'/>
<use f='WebKit/Source/JavaScriptCore/yarr/YarrJIT.cpp' l='1303' u='r' c='_ZN3JSC4Yarr13YarrGenerator22backtrackBackReferenceEm'/>
<use f='WebKit/Source/JavaScriptCore/yarr/YarrJIT.cpp' l='2285' u='r' c='_ZN3JSC4Yarr13YarrGenerator8generateEv'/>
<use f='WebKit/Source/JavaScriptCore/yarr/YarrJIT.cpp' l='2289' u='r' c='_ZN3JSC4Yarr13YarrGenerator8generateEv'/>
<use f='WebKit/Source/JavaScriptCore/yarr/YarrJIT.cpp' l='3902' u='r' c='_ZN3JSC4Yarr13YarrGenerator7compileEv'/>
