<dec f='WebKit/JavaScriptCore/PrivateHeaders/JavaScriptCore/ConsoleTypes.h' l='70' type='0'/>
<use f='WebKit/JavaScriptCore/PrivateHeaders/JavaScriptCore/ConsoleTypes.h' l='107'/>
<use f='WebKit/Source/WebKit/NetworkProcess/PrivateClickMeasurementManager.cpp' l='104' u='r' c='_ZN6WebKit30PrivateClickMeasurementManager17storeUnattributedEON7WebCore23PrivateClickMeasurementE'/>
<use f='WebKit/Source/WebKit/NetworkProcess/PrivateClickMeasurementManager.cpp' l='162' u='r' c='_ZN6WebKit30PrivateClickMeasurementManager17getTokenPublicKeyEON7WebCore23PrivateClickMeasurementENS2_25AttributionReportEndpointENS2_14PcmDataCarried6819927'/>
<use f='WebKit/Source/WebKit/NetworkProcess/PrivateClickMeasurementManager.cpp' l='178' u='r' c='_ZN6WebKit30PrivateClickMeasurementManager17getTokenPublicKeyEON7WebCore23PrivateClickMeasurementENS2_25AttributionReportEndpointENS2_14PcmDataCarried6819927'/>
<use f='WebKit/Source/WebKit/NetworkProcess/PrivateClickMeasurementManager.cpp' l='205' u='r' c='_ZN6WebKit30PrivateClickMeasurementManager24getSignedUnlinkableTokenEON7WebCore23PrivateClickMeasurementE'/>
<use f='WebKit/Source/WebKit/NetworkProcess/PrivateClickMeasurementManager.cpp' l='239' u='r' c='_ZN6WebKit30PrivateClickMeasurementManager24getSignedUnlinkableTokenEON7WebCore23PrivateClickMeasurementE'/>
<use f='WebKit/Source/WebKit/NetworkProcess/PrivateClickMeasurementManager.cpp' l='267' u='r' c='_ZN6WebKit30PrivateClickMeasurementManager17handleAttributionEON7WebCore23PrivateClickMeasurement22AttributionTriggerDataERKN3WTF3URLERKNS1_15ResourceRequestE'/>
<use f='WebKit/Source/WebKit/NetworkProcess/PrivateClickMeasurementManager.cpp' l='302' u='r' c='_ZN6WebKit30PrivateClickMeasurementManager9attributeERKN7WebCore23PrivateClickMeasurement10SourceSiteERKNS2_26AttributionDestinationSiteEONS2_22AttributionTriggerDataE'/>
<use f='WebKit/Source/WebKit/NetworkProcess/PrivateClickMeasurementManager.cpp' l='305' u='r' c='_ZN6WebKit30PrivateClickMeasurementManager9attributeERKN7WebCore23PrivateClickMeasurement10SourceSiteERKNS2_26AttributionDestinationSiteEONS2_22AttributionTriggerDataE'/>
<use f='WebKit/Source/WebKit/NetworkProcess/PrivateClickMeasurementManager.cpp' l='363' u='r' c='_ZN6WebKit30PrivateClickMeasurementManager25fireConversionRequestImplERKN7WebCore23PrivateClickMeasurementENS2_25AttributionReportEndpointE'/>
<dec f='WebKit/Source/JavaScriptCore/runtime/ConsoleTypes.h' l='70' type='0'/>
<use f='WebKit/Source/JavaScriptCore/runtime/ConsoleTypes.h' l='107'/>
<use f='WebKit/Source/JavaScriptCore/inspector/ConsoleMessage.cpp' l='225' c='_ZN9InspectorL17messageLevelValueEN3JSC12MessageLevelE'/>
<use f='WebKit/Source/JavaScriptCore/inspector/agents/JSGlobalObjectDebuggerAgent.cpp' l='60' u='a' c='_ZN9Inspector27JSGlobalObjectDebuggerAgent19breakpointActionLogEPN3JSC14JSGlobalObjectERKN3WTF6StringE'/>
<use f='WebKit/Source/JavaScriptCore/runtime/ConsoleClient.cpp' l='163' c='_ZN3JSCL19appendMessagePrefixERN3WTF13StringBuilderENS_13MessageSourceENS_11MessageTypeENS_12MessageLevelE'/>
<use f='WebKit/Source/JavaScriptCore/runtime/ConsoleClient.cpp' l='263' u='r' c='_ZN3JSC13ConsoleClient5clearEPNS_14JSGlobalObjectE'/>
<use f='WebKit/Source/JavaScriptCore/runtime/ConsoleClient.cpp' l='268' u='r' c='_ZN3JSC13ConsoleClient3dirEPNS_14JSGlobalObjectEON3WTF3RefIN9Inspector15ScriptArgumentsENS3_12RawPtrTraitsIS6_EEEE'/>
<use f='WebKit/Source/JavaScriptCore/runtime/ConsoleClient.cpp' l='273' u='r' c='_ZN3JSC13ConsoleClient6dirXMLEPNS_14JSGlobalObjectEON3WTF3RefIN9Inspector15ScriptArgumentsENS3_12RawPtrTraitsIS6_EEEE'/>
<use f='WebKit/Source/JavaScriptCore/runtime/ConsoleClient.cpp' l='278' u='r' c='_ZN3JSC13ConsoleClient5tableEPNS_14JSGlobalObjectEON3WTF3RefIN9Inspector15ScriptArgumentsENS3_12RawPtrTraitsIS6_EEEE'/>
<use f='WebKit/Source/JavaScriptCore/runtime/ConsoleClient.cpp' l='283' u='r' c='_ZN3JSC13ConsoleClient5traceEPNS_14JSGlobalObjectEON3WTF3RefIN9Inspector15ScriptArgumentsENS3_12RawPtrTraitsIS6_EEEE'/>
<use f='WebKit/Source/JavaScriptCore/runtime/ConsoleClient.cpp' l='293' u='r' c='_ZN3JSC13ConsoleClient5groupEPNS_14JSGlobalObjectEON3WTF3RefIN9Inspector15ScriptArgumentsENS3_12RawPtrTraitsIS6_EEEE'/>
<use f='WebKit/Source/JavaScriptCore/runtime/ConsoleClient.cpp' l='298' u='r' c='_ZN3JSC13ConsoleClient14groupCollapsedEPNS_14JSGlobalObjectEON3WTF3RefIN9Inspector15ScriptArgumentsENS3_12RawPtrTraitsIS6_EEEE'/>
<use f='WebKit/Source/JavaScriptCore/runtime/ConsoleClient.cpp' l='303' u='r' c='_ZN3JSC13ConsoleClient8groupEndEPNS_14JSGlobalObjectEON3WTF3RefIN9Inspector15ScriptArgumentsENS3_12RawPtrTraitsIS6_EEEE'/>
<use f='WebKit/Source/JavaScriptCore/runtime/ConsoleObject.cpp' l='152' u='r' c='_ZN3JSCL19consoleProtoFuncLogEPNS_14JSGlobalObjectEPNS_9CallFrameE'/>
<use f='WebKit/Source/WebKit/WebProcess/InjectedBundle/API/glib/WebKitConsoleMessage.cpp' l='104' c='_Z32webkit_console_message_get_levelP21_WebKitConsoleMessage'/>
<use f='WebKit/Source/WebCore/page/PageConsoleClient.cpp' l='430' u='a' c='_ZN7WebCore17PageConsoleClient10screenshotEPN3JSC14JSGlobalObjectEON3WTF3RefIN9Inspector15ScriptArgumentsENS4_12RawPtrTraitsIS7_EEEE'/>
<use f='WebKit/Source/WebCore/inspector/agents/page/PageDebuggerAgent.cpp' l='136' u='r' c='_ZN7WebCore17PageDebuggerAgent19breakpointActionLogEPN3JSC14JSGlobalObjectERKN3WTF6StringE'/>
<use f='WebKit/Source/WebCore/inspector/agents/worker/WorkerDebuggerAgent.cpp' l='53' u='a' c='_ZN7WebCore19WorkerDebuggerAgent19breakpointActionLogEPN3JSC14JSGlobalObjectERKN3WTF6StringE'/>
<use f='WebKit/Source/WebCore/dom/Document.cpp' l='8504' u='r' c='_ZN7WebCoreL27messageLevelFromWTFLogLevelE11WTFLogLevel'/>
<use f='WebKit/Source/WebCore/dom/Document.cpp' l='8520' u='r' c='_ZN7WebCoreL27messageLevelFromWTFLogLevelE11WTFLogLevel'/>
